  [1m[35m (477.7ms)[0m  [1m[35mCREATE DATABASE "fantasy_houses_development" ENCODING = 'unicode'[0m
  [1m[35m (413.5ms)[0m  [1m[35mCREATE DATABASE "fantasy_houses_test" ENCODING = 'unicode'[0m
  [1m[35m (15.7ms)[0m  [1m[35mCREATE TABLE "schema_migrations" ("version" character varying NOT NULL PRIMARY KEY)[0m
  [1m[35m (22.7ms)[0m  [1m[35mCREATE TABLE "ar_internal_metadata" ("key" character varying NOT NULL PRIMARY KEY, "value" character varying, "created_at" timestamp NOT NULL, "updated_at" timestamp NOT NULL)[0m
  [1m[35m (0.8ms)[0m  [1m[34mSELECT pg_try_advisory_lock(8546372934869750190)[0m
  [1m[35m (0.6ms)[0m  [1m[34mSELECT "schema_migrations"."version" FROM "schema_migrations" ORDER BY "schema_migrations"."version" ASC[0m
Migrating to CreateHouses (20181011184456)
  [1m[35m (0.3ms)[0m  [1m[34mSELECT pg_advisory_unlock(8546372934869750190)[0m
  [1m[35m (0.3ms)[0m  [1m[34mSELECT pg_try_advisory_lock(8546372934869750190)[0m
  [1m[35m (0.8ms)[0m  [1m[34mSELECT "schema_migrations"."version" FROM "schema_migrations" ORDER BY "schema_migrations"."version" ASC[0m
Migrating to CreateHouses (20181011184456)
  [1m[35m (0.3ms)[0m  [1m[34mSELECT pg_advisory_unlock(8546372934869750190)[0m
  [1m[35m (0.3ms)[0m  [1m[34mSELECT pg_try_advisory_lock(8546372934869750190)[0m
  [1m[35m (0.8ms)[0m  [1m[34mSELECT "schema_migrations"."version" FROM "schema_migrations" ORDER BY "schema_migrations"."version" ASC[0m
Migrating to CreateHouses (20181011184456)
  [1m[35m (0.4ms)[0m  [1m[35mBEGIN[0m
  [1m[35m (26.7ms)[0m  [1m[35mCREATE TABLE "houses" ("id" bigserial primary key, "name" character varying NOT NULL, "author" character varying NOT NULL, "source" character varying NOT NULL, "motto" character varying, "created_at" timestamp NOT NULL, "updated_at" timestamp NOT NULL)[0m
  [1m[36mActiveRecord::SchemaMigration Create (0.7ms)[0m  [1m[32mINSERT INTO "schema_migrations" ("version") VALUES ($1) RETURNING "version"[0m  [["version", "20181011184456"]]
  [1m[35m (0.5ms)[0m  [1m[35mCOMMIT[0m
  [1m[36mActiveRecord::InternalMetadata Load (0.5ms)[0m  [1m[34mSELECT  "ar_internal_metadata".* FROM "ar_internal_metadata" WHERE "ar_internal_metadata"."key" = $1 LIMIT $2[0m  [["key", "environment"], ["LIMIT", 1]]
  [1m[35m (0.2ms)[0m  [1m[35mBEGIN[0m
  [1m[36mActiveRecord::InternalMetadata Create (0.5ms)[0m  [1m[32mINSERT INTO "ar_internal_metadata" ("key", "value", "created_at", "updated_at") VALUES ($1, $2, $3, $4) RETURNING "key"[0m  [["key", "environment"], ["value", "development"], ["created_at", "2018-10-11 18:47:31.728696"], ["updated_at", "2018-10-11 18:47:31.728696"]]
  [1m[35m (5.9ms)[0m  [1m[35mCOMMIT[0m
  [1m[35m (0.3ms)[0m  [1m[34mSELECT pg_advisory_unlock(8546372934869750190)[0m
  [1m[35m (0.5ms)[0m  [1m[34mSELECT "schema_migrations"."version" FROM "schema_migrations" ORDER BY "schema_migrations"."version" ASC[0m
  [1m[35m (0.8ms)[0m  [1m[34mSELECT "schema_migrations"."version" FROM "schema_migrations" ORDER BY "schema_migrations"."version" ASC[0m
  [1m[35m (2.7ms)[0m  [1m[34mSELECT "ar_internal_metadata"."value" FROM "ar_internal_metadata" WHERE "ar_internal_metadata"."key" = $1[0m  [["key", "environment"]]
  [1m[35m (0.4ms)[0m  [1m[34mSELECT "schema_migrations"."version" FROM "schema_migrations" ORDER BY "schema_migrations"."version" ASC[0m
  [1m[35m (0.3ms)[0m  [1m[34mSELECT "ar_internal_metadata"."value" FROM "ar_internal_metadata" WHERE "ar_internal_metadata"."key" = $1[0m  [["key", "environment"]]
  [1m[35m (0.4ms)[0m  [1m[34mSELECT "schema_migrations"."version" FROM "schema_migrations" ORDER BY "schema_migrations"."version" ASC[0m
  [1m[35m (0.4ms)[0m  [1m[34mSELECT "ar_internal_metadata"."value" FROM "ar_internal_metadata" WHERE "ar_internal_metadata"."key" = $1[0m  [["key", "environment"]]
  [1m[35m (210.1ms)[0m  [1m[35mDROP DATABASE IF EXISTS "fantasy_houses_test"[0m
  [1m[35m (422.4ms)[0m  [1m[35mCREATE DATABASE "fantasy_houses_test" ENCODING = 'unicode'[0m
  [1m[35mSQL (1.1ms)[0m  [1m[35mCREATE EXTENSION IF NOT EXISTS "plpgsql"[0m
  [1m[35m (0.5ms)[0m  [1m[35mDROP TABLE IF EXISTS "houses" CASCADE[0m
  [1m[35m (11.0ms)[0m  [1m[35mCREATE TABLE "houses" ("id" bigserial primary key, "name" character varying NOT NULL, "author" character varying NOT NULL, "source" character varying NOT NULL, "motto" character varying, "created_at" timestamp NOT NULL, "updated_at" timestamp NOT NULL)[0m
  [1m[35m (4.4ms)[0m  [1m[35mCREATE TABLE "schema_migrations" ("version" character varying NOT NULL PRIMARY KEY)[0m
  [1m[35m (0.7ms)[0m  [1m[34mSELECT "schema_migrations"."version" FROM "schema_migrations" ORDER BY "schema_migrations"."version" ASC[0m
  [1m[35m (0.7ms)[0m  [1m[32mINSERT INTO "schema_migrations" (version) VALUES (20181011184456)[0m
  [1m[35m (3.4ms)[0m  [1m[35mCREATE TABLE "ar_internal_metadata" ("key" character varying NOT NULL PRIMARY KEY, "value" character varying, "created_at" timestamp NOT NULL, "updated_at" timestamp NOT NULL)[0m
  [1m[36mActiveRecord::InternalMetadata Load (0.5ms)[0m  [1m[34mSELECT  "ar_internal_metadata".* FROM "ar_internal_metadata" WHERE "ar_internal_metadata"."key" = $1 LIMIT $2[0m  [["key", "environment"], ["LIMIT", 1]]
  [1m[35m (0.2ms)[0m  [1m[35mBEGIN[0m
  [1m[36mActiveRecord::InternalMetadata Create (0.5ms)[0m  [1m[32mINSERT INTO "ar_internal_metadata" ("key", "value", "created_at", "updated_at") VALUES ($1, $2, $3, $4) RETURNING "key"[0m  [["key", "environment"], ["value", "development"], ["created_at", "2018-10-11 18:52:52.045519"], ["updated_at", "2018-10-11 18:52:52.045519"]]
  [1m[35m (0.4ms)[0m  [1m[35mCOMMIT[0m
  [1m[36mActiveRecord::InternalMetadata Load (0.3ms)[0m  [1m[34mSELECT  "ar_internal_metadata".* FROM "ar_internal_metadata" WHERE "ar_internal_metadata"."key" = $1 LIMIT $2[0m  [["key", "environment"], ["LIMIT", 1]]
  [1m[35m (0.2ms)[0m  [1m[35mBEGIN[0m
  [1m[36mActiveRecord::InternalMetadata Update (12.4ms)[0m  [1m[33mUPDATE "ar_internal_metadata" SET "value" = $1, "updated_at" = $2 WHERE "ar_internal_metadata"."key" = $3[0m  [["value", "test"], ["updated_at", "2018-10-11 18:52:52.050592"], ["key", "environment"]]
  [1m[35m (6.4ms)[0m  [1m[35mCOMMIT[0m
Started GET "/" for ::1 at 2018-10-11 15:01:58 -0400
  [1m[35m (0.9ms)[0m  [1m[34mSELECT "schema_migrations"."version" FROM "schema_migrations" ORDER BY "schema_migrations"."version" ASC[0m
Processing by HousesController#index as HTML
  Rendering houses/index.html.erb within layouts/application
  Rendered houses/index.html.erb within layouts/application (1.4ms)
Completed 200 OK in 364ms (Views: 359.9ms | ActiveRecord: 0.0ms)


Started GET "/" for ::1 at 2018-10-11 15:02:11 -0400
Processing by HousesController#index as HTML
  Rendering houses/index.html.erb within layouts/application
  Rendered houses/index.html.erb within layouts/application (0.4ms)
Completed 200 OK in 14ms (Views: 12.8ms | ActiveRecord: 0.0ms)


Started GET "/" for ::1 at 2018-10-11 15:03:49 -0400
Processing by HousesController#index as HTML
  Rendering houses/index.html.erb within layouts/application
  Rendered houses/index.html.erb within layouts/application (0.3ms)
Completed 200 OK in 29ms (Views: 27.9ms | ActiveRecord: 0.0ms)


Started GET "/" for ::1 at 2018-10-11 15:05:37 -0400
Processing by HousesController#index as HTML
  Rendering houses/index.html.erb within layouts/application
  Rendered houses/index.html.erb within layouts/application (3.4ms)
Completed 200 OK in 27ms (Views: 25.0ms | ActiveRecord: 0.0ms)


Started GET "/" for ::1 at 2018-10-11 15:05:50 -0400
Processing by HousesController#index as HTML
  Rendering houses/index.html.erb within layouts/application
  Rendered houses/index.html.erb within layouts/application (1.4ms)
Completed 200 OK in 16ms (Views: 14.5ms | ActiveRecord: 0.0ms)


Started GET "/" for ::1 at 2018-10-11 15:06:41 -0400
Processing by HousesController#index as HTML
  Rendering houses/index.html.erb within layouts/application
  [1m[36mHouse Load (0.9ms)[0m  [1m[34mSELECT  "houses".* FROM "houses" LIMIT $1[0m  [["LIMIT", 11]]
  Rendered houses/index.html.erb within layouts/application (14.4ms)
Completed 500 Internal Server Error in 20ms (ActiveRecord: 5.3ms)


  
ActionView::Template::Error (undefined method `author' for #<ActiveRecord::Relation []>):
    1: <%= @houses.name %>
    2: <%= @houses.author %>
    3: <%= @houses.source %>
    4: <%= @houses.motto %>
  
app/views/houses/index.html.erb:2:in `_app_views_houses_index_html_erb___1900705209986036173_70226731509960'
Started GET "/questions/1" for ::1 at 2018-10-11 15:06:48 -0400
  
ActionController::RoutingError (No route matches [GET] "/questions/1"):
  
actionpack (5.2.1) lib/action_dispatch/middleware/debug_exceptions.rb:65:in `call'
actionpack (5.2.1) lib/action_dispatch/middleware/show_exceptions.rb:33:in `call'
railties (5.2.1) lib/rails/rack/logger.rb:38:in `call_app'
railties (5.2.1) lib/rails/rack/logger.rb:26:in `block in call'
activesupport (5.2.1) lib/active_support/tagged_logging.rb:71:in `block in tagged'
activesupport (5.2.1) lib/active_support/tagged_logging.rb:28:in `tagged'
activesupport (5.2.1) lib/active_support/tagged_logging.rb:71:in `tagged'
railties (5.2.1) lib/rails/rack/logger.rb:26:in `call'
sprockets-rails (3.2.1) lib/sprockets/rails/quiet_assets.rb:13:in `call'
actionpack (5.2.1) lib/action_dispatch/middleware/remote_ip.rb:81:in `call'
actionpack (5.2.1) lib/action_dispatch/middleware/request_id.rb:27:in `call'
rack (2.0.5) lib/rack/method_override.rb:22:in `call'
rack (2.0.5) lib/rack/runtime.rb:22:in `call'
activesupport (5.2.1) lib/active_support/cache/strategy/local_cache_middleware.rb:29:in `call'
actionpack (5.2.1) lib/action_dispatch/middleware/executor.rb:14:in `call'
actionpack (5.2.1) lib/action_dispatch/middleware/static.rb:127:in `call'
rack (2.0.5) lib/rack/sendfile.rb:111:in `call'
railties (5.2.1) lib/rails/engine.rb:524:in `call'
rack (2.0.5) lib/rack/handler/webrick.rb:86:in `service'
/Users/danielcoffey/.rubies/ruby-2.3.3/lib/ruby/2.3.0/webrick/httpserver.rb:140:in `service'
/Users/danielcoffey/.rubies/ruby-2.3.3/lib/ruby/2.3.0/webrick/httpserver.rb:96:in `run'
/Users/danielcoffey/.rubies/ruby-2.3.3/lib/ruby/2.3.0/webrick/server.rb:296:in `block in start_thread'
Started GET "/questions/1" for ::1 at 2018-10-11 15:07:33 -0400
  
ActionController::RoutingError (No route matches [GET] "/questions/1"):
  
actionpack (5.2.1) lib/action_dispatch/middleware/debug_exceptions.rb:65:in `call'
actionpack (5.2.1) lib/action_dispatch/middleware/show_exceptions.rb:33:in `call'
railties (5.2.1) lib/rails/rack/logger.rb:38:in `call_app'
railties (5.2.1) lib/rails/rack/logger.rb:26:in `block in call'
activesupport (5.2.1) lib/active_support/tagged_logging.rb:71:in `block in tagged'
activesupport (5.2.1) lib/active_support/tagged_logging.rb:28:in `tagged'
activesupport (5.2.1) lib/active_support/tagged_logging.rb:71:in `tagged'
railties (5.2.1) lib/rails/rack/logger.rb:26:in `call'
sprockets-rails (3.2.1) lib/sprockets/rails/quiet_assets.rb:13:in `call'
actionpack (5.2.1) lib/action_dispatch/middleware/remote_ip.rb:81:in `call'
actionpack (5.2.1) lib/action_dispatch/middleware/request_id.rb:27:in `call'
rack (2.0.5) lib/rack/method_override.rb:22:in `call'
rack (2.0.5) lib/rack/runtime.rb:22:in `call'
activesupport (5.2.1) lib/active_support/cache/strategy/local_cache_middleware.rb:29:in `call'
actionpack (5.2.1) lib/action_dispatch/middleware/executor.rb:14:in `call'
actionpack (5.2.1) lib/action_dispatch/middleware/static.rb:127:in `call'
rack (2.0.5) lib/rack/sendfile.rb:111:in `call'
railties (5.2.1) lib/rails/engine.rb:524:in `call'
rack (2.0.5) lib/rack/handler/webrick.rb:86:in `service'
/Users/danielcoffey/.rubies/ruby-2.3.3/lib/ruby/2.3.0/webrick/httpserver.rb:140:in `service'
/Users/danielcoffey/.rubies/ruby-2.3.3/lib/ruby/2.3.0/webrick/httpserver.rb:96:in `run'
/Users/danielcoffey/.rubies/ruby-2.3.3/lib/ruby/2.3.0/webrick/server.rb:296:in `block in start_thread'
Started GET "/questions/1" for ::1 at 2018-10-11 15:07:46 -0400
  
ActionController::RoutingError (No route matches [GET] "/questions/1"):
  
actionpack (5.2.1) lib/action_dispatch/middleware/debug_exceptions.rb:65:in `call'
actionpack (5.2.1) lib/action_dispatch/middleware/show_exceptions.rb:33:in `call'
railties (5.2.1) lib/rails/rack/logger.rb:38:in `call_app'
railties (5.2.1) lib/rails/rack/logger.rb:26:in `block in call'
activesupport (5.2.1) lib/active_support/tagged_logging.rb:71:in `block in tagged'
activesupport (5.2.1) lib/active_support/tagged_logging.rb:28:in `tagged'
activesupport (5.2.1) lib/active_support/tagged_logging.rb:71:in `tagged'
railties (5.2.1) lib/rails/rack/logger.rb:26:in `call'
sprockets-rails (3.2.1) lib/sprockets/rails/quiet_assets.rb:13:in `call'
actionpack (5.2.1) lib/action_dispatch/middleware/remote_ip.rb:81:in `call'
actionpack (5.2.1) lib/action_dispatch/middleware/request_id.rb:27:in `call'
rack (2.0.5) lib/rack/method_override.rb:22:in `call'
rack (2.0.5) lib/rack/runtime.rb:22:in `call'
activesupport (5.2.1) lib/active_support/cache/strategy/local_cache_middleware.rb:29:in `call'
actionpack (5.2.1) lib/action_dispatch/middleware/executor.rb:14:in `call'
actionpack (5.2.1) lib/action_dispatch/middleware/static.rb:127:in `call'
rack (2.0.5) lib/rack/sendfile.rb:111:in `call'
railties (5.2.1) lib/rails/engine.rb:524:in `call'
rack (2.0.5) lib/rack/handler/webrick.rb:86:in `service'
/Users/danielcoffey/.rubies/ruby-2.3.3/lib/ruby/2.3.0/webrick/httpserver.rb:140:in `service'
/Users/danielcoffey/.rubies/ruby-2.3.3/lib/ruby/2.3.0/webrick/httpserver.rb:96:in `run'
/Users/danielcoffey/.rubies/ruby-2.3.3/lib/ruby/2.3.0/webrick/server.rb:296:in `block in start_thread'
Started GET "/questions/1" for ::1 at 2018-10-11 15:14:44 -0400
  
ActionController::RoutingError (No route matches [GET] "/questions/1"):
  
actionpack (5.2.1) lib/action_dispatch/middleware/debug_exceptions.rb:65:in `call'
actionpack (5.2.1) lib/action_dispatch/middleware/show_exceptions.rb:33:in `call'
railties (5.2.1) lib/rails/rack/logger.rb:38:in `call_app'
railties (5.2.1) lib/rails/rack/logger.rb:26:in `block in call'
activesupport (5.2.1) lib/active_support/tagged_logging.rb:71:in `block in tagged'
activesupport (5.2.1) lib/active_support/tagged_logging.rb:28:in `tagged'
activesupport (5.2.1) lib/active_support/tagged_logging.rb:71:in `tagged'
railties (5.2.1) lib/rails/rack/logger.rb:26:in `call'
sprockets-rails (3.2.1) lib/sprockets/rails/quiet_assets.rb:13:in `call'
actionpack (5.2.1) lib/action_dispatch/middleware/remote_ip.rb:81:in `call'
actionpack (5.2.1) lib/action_dispatch/middleware/request_id.rb:27:in `call'
rack (2.0.5) lib/rack/method_override.rb:22:in `call'
rack (2.0.5) lib/rack/runtime.rb:22:in `call'
activesupport (5.2.1) lib/active_support/cache/strategy/local_cache_middleware.rb:29:in `call'
actionpack (5.2.1) lib/action_dispatch/middleware/executor.rb:14:in `call'
actionpack (5.2.1) lib/action_dispatch/middleware/static.rb:127:in `call'
rack (2.0.5) lib/rack/sendfile.rb:111:in `call'
railties (5.2.1) lib/rails/engine.rb:524:in `call'
rack (2.0.5) lib/rack/handler/webrick.rb:86:in `service'
/Users/danielcoffey/.rubies/ruby-2.3.3/lib/ruby/2.3.0/webrick/httpserver.rb:140:in `service'
/Users/danielcoffey/.rubies/ruby-2.3.3/lib/ruby/2.3.0/webrick/httpserver.rb:96:in `run'
/Users/danielcoffey/.rubies/ruby-2.3.3/lib/ruby/2.3.0/webrick/server.rb:296:in `block in start_thread'
Started GET "/" for ::1 at 2018-10-11 15:14:49 -0400
Processing by HousesController#index as HTML
  Rendering houses/index.html.erb within layouts/application
  Rendered houses/index.html.erb within layouts/application (0.3ms)
Completed 200 OK in 16ms (Views: 11.8ms | ActiveRecord: 0.0ms)


Started GET "/" for ::1 at 2018-10-11 15:14:51 -0400
Processing by HousesController#index as HTML
  Rendering houses/index.html.erb within layouts/application
  Rendered houses/index.html.erb within layouts/application (0.3ms)
Completed 200 OK in 13ms (Views: 10.9ms | ActiveRecord: 0.0ms)


Started GET "/" for ::1 at 2018-10-11 15:18:44 -0400
Processing by HousesController#index as HTML
  Rendering houses/index.html.erb within layouts/application
  Rendered houses/index.html.erb within layouts/application (0.3ms)
Completed 200 OK in 13ms (Views: 11.4ms | ActiveRecord: 0.0ms)


Started GET "/" for ::1 at 2018-10-11 15:20:49 -0400
Processing by HousesController#index as HTML
  Rendering houses/index.html.erb within layouts/application
  Rendered houses/index.html.erb within layouts/application (0.3ms)
Completed 200 OK in 13ms (Views: 11.8ms | ActiveRecord: 0.0ms)


Started GET "/houses" for ::1 at 2018-10-11 15:20:59 -0400
Processing by HousesController#index as HTML
  Rendering houses/index.html.erb within layouts/application
  Rendered houses/index.html.erb within layouts/application (0.3ms)
Completed 200 OK in 14ms (Views: 12.3ms | ActiveRecord: 0.0ms)


Started GET "/houses/new" for ::1 at 2018-10-11 15:21:02 -0400
Processing by HousesController#new as HTML
  Rendering houses/new.html.erb within layouts/application
  Rendered houses/_form.html.erb (9.0ms)
  Rendered houses/new.html.erb within layouts/application (10.9ms)
Completed 200 OK in 42ms (Views: 21.8ms | ActiveRecord: 10.4ms)


Started POST "/houses" for ::1 at 2018-10-11 15:21:41 -0400
Processing by HousesController#create as HTML
  Parameters: {"utf8"=>"✓", "authenticity_token"=>"pB1GAFcqCOE9OcHpwD1Uws3M16ryNZBGLjegNlXytqGmZl1RQP/JuKz70ceGvmuXwZpZnlILBdvkZ9aZv0Pvow==", "house"=>{"name"=>"Hufflepuff", "author"=>"Donnie", "source"=>"Black History Month", "motto"=>""}, "commit"=>"Create House"}
Unpermitted parameter: :author
  [1m[35m (0.2ms)[0m  [1m[35mBEGIN[0m
  [1m[35m (0.2ms)[0m  [1m[31mROLLBACK[0m
  Rendering houses/new.html.erb within layouts/application
  Rendered houses/_form.html.erb (2.1ms)
  Rendered houses/new.html.erb within layouts/application (3.9ms)
Completed 200 OK in 17ms (Views: 14.0ms | ActiveRecord: 0.4ms)


Started POST "/houses" for ::1 at 2018-10-11 15:21:58 -0400
Processing by HousesController#create as HTML
  Parameters: {"utf8"=>"✓", "authenticity_token"=>"WrlXc1GbKX+zd8c1FqbcUBHbIaB/yK+EQi8gEiRGJuFYwkwiRk7oJiK11xtQJeMFHY2vlN/2OhmIf1a9zvd/4w==", "house"=>{"name"=>"Hufflepuff", "author"=>"Donnie", "source"=>"Black History Month", "motto"=>"Can I get a hell yeah?!"}, "commit"=>"Create House"}
Unpermitted parameter: :author
  [1m[35m (0.2ms)[0m  [1m[35mBEGIN[0m
  [1m[35m (0.2ms)[0m  [1m[31mROLLBACK[0m
  Rendering houses/new.html.erb within layouts/application
  Rendered houses/_form.html.erb (2.0ms)
  Rendered houses/new.html.erb within layouts/application (3.7ms)
Completed 200 OK in 16ms (Views: 14.0ms | ActiveRecord: 0.4ms)


Started POST "/houses" for ::1 at 2018-10-11 15:21:59 -0400
Processing by HousesController#create as HTML
  Parameters: {"utf8"=>"✓", "authenticity_token"=>"9kFCFDuwxmFWNKulA451brAfzd4AC65h68DViIkq9jT0OllFLGUHOMf2u4tFDUo7vElD6qA1O/whkKMnY5uvNg==", "house"=>{"name"=>"Hufflepuff", "author"=>"", "source"=>"Black History Month", "motto"=>"Can I get a hell yeah?!"}, "commit"=>"Create House"}
Unpermitted parameter: :author
  [1m[35m (0.2ms)[0m  [1m[35mBEGIN[0m
  [1m[35m (0.2ms)[0m  [1m[31mROLLBACK[0m
  Rendering houses/new.html.erb within layouts/application
  Rendered houses/_form.html.erb (2.2ms)
  Rendered houses/new.html.erb within layouts/application (4.1ms)
Completed 200 OK in 17ms (Views: 14.3ms | ActiveRecord: 0.4ms)


Started POST "/houses" for ::1 at 2018-10-11 15:22:00 -0400
Processing by HousesController#create as HTML
  Parameters: {"utf8"=>"✓", "authenticity_token"=>"UuA/wputm1r7XW/WMJnHJFpxpd0gvvfBvtbwoxhGJ7JQmySTjHhaA2qff/h2GvhxVicr6YCAYlx0hoYM8vd+sA==", "house"=>{"name"=>"Hufflepuff", "author"=>"", "source"=>"Black History Month", "motto"=>"Can I get a hell yeah?!"}, "commit"=>"Create House"}
Unpermitted parameter: :author
  [1m[35m (0.2ms)[0m  [1m[35mBEGIN[0m
  [1m[35m (0.2ms)[0m  [1m[31mROLLBACK[0m
  Rendering houses/new.html.erb within layouts/application
  Rendered houses/_form.html.erb (1.9ms)
  Rendered houses/new.html.erb within layouts/application (3.7ms)
Completed 200 OK in 27ms (Views: 25.0ms | ActiveRecord: 0.4ms)


Started POST "/houses" for ::1 at 2018-10-11 15:22:00 -0400
Processing by HousesController#create as HTML
  Parameters: {"utf8"=>"✓", "authenticity_token"=>"cHHZlQ7LmCVyr1fTmyKiYFSlnx1lkFnbj0wvu0FZiHlyCsLEGR5ZfONtR/3doZ01WPMRKcWuzEZFHFkUq+jRew==", "house"=>{"name"=>"Hufflepuff", "author"=>"", "source"=>"Black History Month", "motto"=>"Can I get a hell yeah?!"}, "commit"=>"Create House"}
Unpermitted parameter: :author
  [1m[35m (0.2ms)[0m  [1m[35mBEGIN[0m
  [1m[35m (0.2ms)[0m  [1m[31mROLLBACK[0m
  Rendering houses/new.html.erb within layouts/application
  Rendered houses/_form.html.erb (3.4ms)
  Rendered houses/new.html.erb within layouts/application (5.1ms)
Completed 200 OK in 20ms (Views: 17.4ms | ActiveRecord: 0.4ms)


Started POST "/houses" for ::1 at 2018-10-11 15:22:03 -0400
Processing by HousesController#create as HTML
  Parameters: {"utf8"=>"✓", "authenticity_token"=>"GOCDpnnuZQ9Yu60zY30DbJa45gFy3CcD0TLlhtDF03wam5j3bjukVsl5vR0l/jw5mu5oNdLisp4bYpMpOnSKfg==", "house"=>{"name"=>"Hufflepuff", "author"=>"Donnie", "source"=>"Black History Month", "motto"=>"Can I get a hell yeah?!"}, "commit"=>"Create House"}
Unpermitted parameter: :author
  [1m[35m (0.2ms)[0m  [1m[35mBEGIN[0m
  [1m[35m (0.2ms)[0m  [1m[31mROLLBACK[0m
  Rendering houses/new.html.erb within layouts/application
  Rendered houses/_form.html.erb (2.7ms)
  Rendered houses/new.html.erb within layouts/application (4.7ms)
Completed 200 OK in 20ms (Views: 17.9ms | ActiveRecord: 0.4ms)


Started POST "/houses" for ::1 at 2018-10-11 15:22:39 -0400
Processing by HousesController#create as HTML
  Parameters: {"utf8"=>"✓", "authenticity_token"=>"hynbQ0hkeSnxZj84CVBjQIarqhBHRAkg0d6/9uyK8ZmFUsASX7G4cGCkLxZP01wViv0kJOd6nL0bjslZBjuomw==", "house"=>{"name"=>"Hufflepuff", "author"=>"Donnie", "source"=>"Black History Month", "motto"=>"Can I get a hell yeah?!"}, "commit"=>"Create House"}
Unpermitted parameter: :author
  [1m[35m (0.2ms)[0m  [1m[35mBEGIN[0m
  [1m[35m (0.2ms)[0m  [1m[31mROLLBACK[0m
  Rendering houses/new.html.erb within layouts/application
  Rendered houses/_form.html.erb (3.1ms)
  Rendered houses/new.html.erb within layouts/application (5.3ms)
Completed 200 OK in 21ms (Views: 17.8ms | ActiveRecord: 0.4ms)


Started GET "/" for ::1 at 2018-10-11 15:24:47 -0400
Processing by HousesController#index as HTML
  Rendering houses/index.html.erb within layouts/application
  Rendered houses/index.html.erb within layouts/application (0.5ms)
Completed 200 OK in 15ms (Views: 12.7ms | ActiveRecord: 0.0ms)


Started GET "/houses/new" for ::1 at 2018-10-11 15:24:50 -0400
Processing by HousesController#new as HTML
  Rendering houses/new.html.erb within layouts/application
  Rendered houses/_form.html.erb (4.0ms)
  Rendered houses/new.html.erb within layouts/application (5.9ms)
Completed 200 OK in 18ms (Views: 16.6ms | ActiveRecord: 0.0ms)


Started GET "/" for ::1 at 2018-10-11 15:24:55 -0400
Processing by HousesController#index as HTML
  Rendering houses/index.html.erb within layouts/application
  Rendered houses/index.html.erb within layouts/application (0.5ms)
Completed 200 OK in 14ms (Views: 12.2ms | ActiveRecord: 0.0ms)


Started GET "/houses/new" for ::1 at 2018-10-11 15:24:57 -0400
Processing by HousesController#new as HTML
  Rendering houses/new.html.erb within layouts/application
  Rendered houses/_form.html.erb (2.7ms)
  Rendered houses/new.html.erb within layouts/application (4.6ms)
Completed 200 OK in 19ms (Views: 16.7ms | ActiveRecord: 0.0ms)


Started GET "/houses/new" for ::1 at 2018-10-11 15:25:57 -0400
Processing by HousesController#new as HTML
  Rendering houses/new.html.erb within layouts/application
  Rendered houses/_form.html.erb (5.8ms)
  Rendered houses/new.html.erb within layouts/application (7.6ms)
Completed 200 OK in 38ms (Views: 18.8ms | ActiveRecord: 10.0ms)


Started POST "/houses" for ::1 at 2018-10-11 15:26:03 -0400
Processing by HousesController#create as HTML
  Parameters: {"utf8"=>"✓", "authenticity_token"=>"O5epJJIUxVGNbu6vkRtA0uNK6TTNDpEgVs1UEF367d857LJ1hcEECBys/oHXmH+H7xxnAG0wBL2cnSK/t0u03Q==", "house"=>{"name"=>"Hufflepuff", "author"=>"Donnie", "source"=>"Black History Month", "motto"=>"Can I get a hell yeah?!"}, "commit"=>"Create House"}
Unpermitted parameter: :author
  [1m[35m (0.2ms)[0m  [1m[35mBEGIN[0m
  [1m[35m (0.2ms)[0m  [1m[31mROLLBACK[0m
  Rendering houses/new.html.erb within layouts/application
  Rendered houses/_form.html.erb (2.2ms)
  Rendered houses/new.html.erb within layouts/application (3.9ms)
Completed 200 OK in 19ms (Views: 15.7ms | ActiveRecord: 0.4ms)


Started POST "/houses" for ::1 at 2018-10-11 15:26:07 -0400
Processing by HousesController#create as HTML
  Parameters: {"utf8"=>"✓", "authenticity_token"=>"O5epJJIUxVGNbu6vkRtA0uNK6TTNDpEgVs1UEF367d857LJ1hcEECBys/oHXmH+H7xxnAG0wBL2cnSK/t0u03Q==", "house"=>{"name"=>"Hufflepuff", "author"=>"Donnie", "source"=>"Black History Month", "motto"=>"Can I get a hell yeah?!"}, "commit"=>"Create House"}
Unpermitted parameter: :author
  [1m[35m (0.2ms)[0m  [1m[35mBEGIN[0m
  [1m[35m (0.2ms)[0m  [1m[31mROLLBACK[0m
  Rendering houses/new.html.erb within layouts/application
  Rendered houses/_form.html.erb (2.3ms)
  Rendered houses/new.html.erb within layouts/application (3.9ms)
Completed 200 OK in 17ms (Views: 14.3ms | ActiveRecord: 0.4ms)


Started GET "/" for ::1 at 2018-10-11 15:26:10 -0400
Processing by HousesController#index as HTML
  Rendering houses/index.html.erb within layouts/application
  Rendered houses/index.html.erb within layouts/application (0.4ms)
Completed 200 OK in 12ms (Views: 10.3ms | ActiveRecord: 0.0ms)


Started GET "/" for ::1 at 2018-10-11 15:26:11 -0400
Processing by HousesController#index as HTML
  Rendering houses/index.html.erb within layouts/application
  Rendered houses/index.html.erb within layouts/application (0.5ms)
Completed 200 OK in 23ms (Views: 12.9ms | ActiveRecord: 0.0ms)


Started GET "/houses/new" for ::1 at 2018-10-11 15:27:47 -0400
Processing by HousesController#new as HTML
  Rendering houses/new.html.erb within layouts/application
  Rendered houses/_form.html.erb (3.8ms)
  Rendered houses/new.html.erb within layouts/application (5.9ms)
Completed 200 OK in 20ms (Views: 18.3ms | ActiveRecord: 0.0ms)


Started POST "/houses" for ::1 at 2018-10-11 15:27:53 -0400
Processing by HousesController#create as HTML
  Parameters: {"utf8"=>"✓", "authenticity_token"=>"U8a9PWSeDNxgLd+C6tiMFfEjkilgHgkRCuPFLrLj+LdRvaZsc0vNhfHvz6ysW7NA/XUcHcAgnIzAs7OBWFKhtQ==", "house"=>{"name"=>"Hufflepuff", "author"=>"Donnie", "source"=>"Black History Month", "motto"=>"Can I get a hell yeah?!"}, "commit"=>"Create House"}
Unpermitted parameter: :author
  [1m[35m (0.2ms)[0m  [1m[35mBEGIN[0m
  [1m[35m (0.2ms)[0m  [1m[31mROLLBACK[0m
  Rendering houses/new.html.erb within layouts/application
  Rendered houses/_form.html.erb (2.5ms)
  Rendered houses/new.html.erb within layouts/application (4.1ms)
Completed 200 OK in 18ms (Views: 15.4ms | ActiveRecord: 0.4ms)


Started GET "/" for ::1 at 2018-10-11 15:27:58 -0400
Processing by HousesController#index as HTML
  Rendering houses/index.html.erb within layouts/application
  Rendered houses/index.html.erb within layouts/application (0.5ms)
Completed 200 OK in 14ms (Views: 11.5ms | ActiveRecord: 0.0ms)


Started GET "/" for ::1 at 2018-10-11 15:27:59 -0400
Processing by HousesController#index as HTML
  Rendering houses/index.html.erb within layouts/application
  Rendered houses/index.html.erb within layouts/application (0.4ms)
Completed 200 OK in 13ms (Views: 11.6ms | ActiveRecord: 0.0ms)


Started GET "/" for ::1 at 2018-10-11 15:28:15 -0400
Processing by HousesController#index as HTML
  Rendering houses/index.html.erb within layouts/application
  Rendered houses/index.html.erb within layouts/application (0.5ms)
Completed 200 OK in 14ms (Views: 12.1ms | ActiveRecord: 0.0ms)


Started GET "/" for ::1 at 2018-10-11 15:28:54 -0400
Processing by HousesController#index as HTML
  Rendering houses/index.html.erb within layouts/application
  Rendered houses/index.html.erb within layouts/application (0.5ms)
Completed 200 OK in 16ms (Views: 12.4ms | ActiveRecord: 0.0ms)


Started GET "/houses/new" for ::1 at 2018-10-11 15:28:57 -0400
Processing by HousesController#new as HTML
  Rendering houses/new.html.erb within layouts/application
  Rendered houses/_form.html.erb (4.7ms)
  Rendered houses/new.html.erb within layouts/application (6.7ms)
Completed 200 OK in 33ms (Views: 17.9ms | ActiveRecord: 6.2ms)


Started POST "/houses" for ::1 at 2018-10-11 15:29:04 -0400
Processing by HousesController#create as HTML
  Parameters: {"utf8"=>"✓", "authenticity_token"=>"5gmjZue5ruFC9ZZ1PCcUp0THyf6RGimPZ8CRJzlSb/jkcrg38GxvuNM3hlt6pCvySJFHyjEkvBKtkOeI0+M2+g==", "house"=>{"name"=>"Hufflepuff", "author"=>"Donnie", "source"=>"Black History Month", "motto"=>"Can I get a hell yeah?!"}, "commit"=>"Create House"}
  [1m[35m (0.2ms)[0m  [1m[35mBEGIN[0m
  [1m[36mHouse Create (1.2ms)[0m  [1m[32mINSERT INTO "houses" ("name", "author", "source", "motto", "created_at", "updated_at") VALUES ($1, $2, $3, $4, $5, $6) RETURNING "id"[0m  [["name", "Hufflepuff"], ["author", "Donnie"], ["source", "Black History Month"], ["motto", "Can I get a hell yeah?!"], ["created_at", "2018-10-11 19:29:04.818600"], ["updated_at", "2018-10-11 19:29:04.818600"]]
  [1m[35m (10.2ms)[0m  [1m[35mCOMMIT[0m
Redirected to http://localhost:3000/houses/1
Completed 302 Found in 15ms (ActiveRecord: 11.7ms)


Started GET "/houses/1" for ::1 at 2018-10-11 15:29:04 -0400
Processing by HousesController#show as HTML
  Parameters: {"id"=>"1"}
  Rendering houses/show.html.erb within layouts/application
  Rendered houses/show.html.erb within layouts/application (2.3ms)
Completed 500 Internal Server Error in 8ms (ActiveRecord: 0.0ms)


  
ActionView::Template::Error (undefined method `name' for nil:NilClass):
    1: <h1> <%= @house.name %> </h1>
    2: <p> <%= @house.author %> </p>
    3: <p> <%= @house.source %> </p>
    4: <p> <%= @house.motto %> </p>
  
app/views/houses/show.html.erb:1:in `_app_views_houses_show_html_erb___1884229779296155127_70226704131800'
Started GET "/houses/1" for ::1 at 2018-10-11 15:31:30 -0400
Processing by HousesController#show as HTML
  Parameters: {"id"=>"1"}
  [1m[36mHouse Load (0.6ms)[0m  [1m[34mSELECT  "houses".* FROM "houses" WHERE "houses"."id" = $1 LIMIT $2[0m  [["id", 1], ["LIMIT", 1]]
  Rendering houses/show.html.erb within layouts/application
  Rendered houses/show.html.erb within layouts/application (0.6ms)
Completed 200 OK in 41ms (Views: 13.4ms | ActiveRecord: 9.8ms)


Started GET "/houses/1" for ::1 at 2018-10-11 15:31:42 -0400
Processing by HousesController#show as HTML
  Parameters: {"id"=>"1"}
  [1m[36mHouse Load (0.5ms)[0m  [1m[34mSELECT  "houses".* FROM "houses" WHERE "houses"."id" = $1 LIMIT $2[0m  [["id", 1], ["LIMIT", 1]]
  Rendering houses/show.html.erb within layouts/application
  Rendered houses/show.html.erb within layouts/application (0.4ms)
Completed 200 OK in 18ms (Views: 14.5ms | ActiveRecord: 0.7ms)


Started GET "/houses" for ::1 at 2018-10-11 15:32:11 -0400
Processing by HousesController#index as HTML
  Rendering houses/index.html.erb within layouts/application
  Rendered houses/index.html.erb within layouts/application (0.6ms)
Completed 200 OK in 20ms (Views: 17.9ms | ActiveRecord: 0.0ms)


Started GET "/houses/new" for ::1 at 2018-10-11 15:32:15 -0400
Processing by HousesController#new as HTML
  Rendering houses/new.html.erb within layouts/application
  Rendered houses/_form.html.erb (4.3ms)
  Rendered houses/new.html.erb within layouts/application (6.2ms)
Completed 200 OK in 21ms (Views: 19.0ms | ActiveRecord: 0.0ms)


Started GET "/houses/" for ::1 at 2018-10-11 15:32:17 -0400
Processing by HousesController#index as HTML
  Rendering houses/index.html.erb within layouts/application
  Rendered houses/index.html.erb within layouts/application (0.7ms)
Completed 200 OK in 27ms (Views: 25.0ms | ActiveRecord: 0.0ms)


Started GET "/houses/" for ::1 at 2018-10-11 15:32:20 -0400
Processing by HousesController#index as HTML
  Rendering houses/index.html.erb within layouts/application
  Rendered houses/index.html.erb within layouts/application (0.6ms)
Completed 200 OK in 13ms (Views: 11.7ms | ActiveRecord: 0.0ms)


Started GET "/houses/" for ::1 at 2018-10-11 15:33:34 -0400
Processing by HousesController#index as HTML
  Rendering houses/index.html.erb within layouts/application
  [1m[36mHouse Load (0.4ms)[0m  [1m[34mSELECT "houses".* FROM "houses"[0m
  Rendered houses/index.html.erb within layouts/application (1.6ms)
Completed 200 OK in 14ms (Views: 12.1ms | ActiveRecord: 0.4ms)


Started GET "/houses/" for ::1 at 2018-10-11 15:33:46 -0400
Processing by HousesController#index as HTML
  Rendering houses/index.html.erb within layouts/application
  [1m[36mHouse Load (0.4ms)[0m  [1m[34mSELECT "houses".* FROM "houses"[0m
  Rendered houses/index.html.erb within layouts/application (1.8ms)
Completed 200 OK in 16ms (Views: 13.6ms | ActiveRecord: 0.4ms)


Started GET "/houses/" for ::1 at 2018-10-11 15:33:54 -0400
Processing by HousesController#index as HTML
  Rendering houses/index.html.erb within layouts/application
  [1m[36mHouse Load (0.6ms)[0m  [1m[34mSELECT "houses".* FROM "houses"[0m
  Rendered houses/index.html.erb within layouts/application (1.8ms)
Completed 200 OK in 15ms (Views: 12.6ms | ActiveRecord: 0.6ms)


Started GET "/houses/new" for ::1 at 2018-10-11 15:34:24 -0400
Processing by HousesController#new as HTML
  Rendering houses/new.html.erb within layouts/application
  Rendered houses/_form.html.erb (2.5ms)
  Rendered houses/new.html.erb within layouts/application (4.2ms)
Completed 200 OK in 17ms (Views: 15.3ms | ActiveRecord: 0.0ms)


Started POST "/houses" for ::1 at 2018-10-11 15:34:25 -0400
Processing by HousesController#create as HTML
  Parameters: {"utf8"=>"✓", "authenticity_token"=>"Vu7eNMUoXkycCSco4upBerdNjxTQAljGcHPm//U929FUlcVl0v2fFQ3LNwakaX4vuxsBIHA8zVu6I5BQH4yC0w==", "house"=>{"name"=>"", "author"=>"", "source"=>"", "motto"=>""}, "commit"=>"Create House"}
  [1m[35m (0.2ms)[0m  [1m[35mBEGIN[0m
  [1m[35m (0.2ms)[0m  [1m[31mROLLBACK[0m
  Rendering houses/new.html.erb within layouts/application
  Rendered houses/_form.html.erb (2.4ms)
  Rendered houses/new.html.erb within layouts/application (4.1ms)
Completed 200 OK in 20ms (Views: 16.0ms | ActiveRecord: 0.4ms)


Started POST "/houses" for ::1 at 2018-10-11 15:34:49 -0400
Processing by HousesController#create as HTML
  Parameters: {"utf8"=>"✓", "authenticity_token"=>"9cfkYJVyId4WQUo+aowk4kYhfvwIf+m9fKJJ8AVpRUP3vP8xgqfgh4eDWhAsDxu3SnfwyKhBfCC28j9f79gcQQ==", "house"=>{"name"=>"Griffindor", "author"=>"Nick", "source"=>"Launch", "motto"=>"Poop"}, "commit"=>"Create House"}
  [1m[35m (0.2ms)[0m  [1m[35mBEGIN[0m
  [1m[36mHouse Create (1.1ms)[0m  [1m[32mINSERT INTO "houses" ("name", "author", "source", "motto", "created_at", "updated_at") VALUES ($1, $2, $3, $4, $5, $6) RETURNING "id"[0m  [["name", "Griffindor"], ["author", "Nick"], ["source", "Launch"], ["motto", "Poop"], ["created_at", "2018-10-11 19:34:49.938137"], ["updated_at", "2018-10-11 19:34:49.938137"]]
  [1m[35m (6.1ms)[0m  [1m[35mCOMMIT[0m
Redirected to http://localhost:3000/houses/2
Completed 302 Found in 10ms (ActiveRecord: 7.4ms)


Started GET "/houses/2" for ::1 at 2018-10-11 15:34:49 -0400
Processing by HousesController#show as HTML
  Parameters: {"id"=>"2"}
  [1m[36mHouse Load (0.5ms)[0m  [1m[34mSELECT  "houses".* FROM "houses" WHERE "houses"."id" = $1 LIMIT $2[0m  [["id", 2], ["LIMIT", 1]]
  Rendering houses/show.html.erb within layouts/application
  Rendered houses/show.html.erb within layouts/application (0.4ms)
Completed 200 OK in 15ms (Views: 12.5ms | ActiveRecord: 0.6ms)


Started GET "/houses/" for ::1 at 2018-10-11 15:35:00 -0400
Processing by HousesController#index as HTML
  Rendering houses/index.html.erb within layouts/application
  [1m[36mHouse Load (0.5ms)[0m  [1m[34mSELECT "houses".* FROM "houses"[0m
  Rendered houses/index.html.erb within layouts/application (2.2ms)
Completed 200 OK in 16ms (Views: 13.6ms | ActiveRecord: 0.5ms)


Started GET "/houses/new" for ::1 at 2018-10-11 15:35:15 -0400
Processing by HousesController#new as HTML
  Rendering houses/new.html.erb within layouts/application
  Rendered houses/_form.html.erb (2.8ms)
  Rendered houses/new.html.erb within layouts/application (4.6ms)
Completed 200 OK in 17ms (Views: 15.6ms | ActiveRecord: 0.0ms)


Started POST "/houses" for ::1 at 2018-10-11 15:35:16 -0400
Processing by HousesController#create as HTML
  Parameters: {"utf8"=>"✓", "authenticity_token"=>"1LdDrpC1Njz7Aprp2DvbYuA0ed+JsZfjUZx8ChgTfkLWzFj/h2D3ZWrAiseeuOQ37GL36ymPAn6bzAql8qInQA==", "house"=>{"name"=>"", "author"=>"", "source"=>"", "motto"=>""}, "commit"=>"Create House"}
  [1m[35m (0.2ms)[0m  [1m[35mBEGIN[0m
  [1m[35m (0.2ms)[0m  [1m[31mROLLBACK[0m
  Rendering houses/new.html.erb within layouts/application
  Rendered houses/_form.html.erb (2.3ms)
  Rendered houses/new.html.erb within layouts/application (4.4ms)
Completed 200 OK in 17ms (Views: 14.3ms | ActiveRecord: 0.4ms)


Started GET "/" for ::1 at 2018-10-11 15:35:36 -0400
Processing by HousesController#index as HTML
  Rendering houses/index.html.erb within layouts/application
  [1m[36mHouse Load (0.8ms)[0m  [1m[34mSELECT "houses".* FROM "houses"[0m
  Rendered houses/index.html.erb within layouts/application (1.9ms)
Completed 200 OK in 21ms (Views: 18.3ms | ActiveRecord: 0.8ms)


Started GET "/" for ::1 at 2018-10-11 15:35:38 -0400
Processing by HousesController#index as HTML
  Rendering houses/index.html.erb within layouts/application
  [1m[36mHouse Load (0.4ms)[0m  [1m[34mSELECT "houses".* FROM "houses"[0m
  Rendered houses/index.html.erb within layouts/application (1.6ms)
Completed 200 OK in 16ms (Views: 14.1ms | ActiveRecord: 0.4ms)


Started GET "/" for ::1 at 2018-10-11 15:37:49 -0400
Processing by HousesController#index as HTML
  Rendering houses/index.html.erb within layouts/application
  [1m[36mHouse Load (0.5ms)[0m  [1m[34mSELECT "houses".* FROM "houses"[0m
  Rendered houses/index.html.erb within layouts/application (17.4ms)
Completed 500 Internal Server Error in 23ms (ActiveRecord: 0.5ms)


  
ActionView::Template::Error (undefined method `houose_path' for #<#<Class:0x007fbdd9fd7228>:0x007fbddbf43008>
Did you mean?  house_path
               houses_path):
    1: <% @houses.each do |house| %>
    2:   <li><%= link_to house.name, houose_path(house) %></li>
    3:   <% end %>
    4: <%= link_to 'New House', new_house_path %>
  
app/views/houses/index.html.erb:2:in `block in _app_views_houses_index_html_erb___1900705209986036173_70226707881200'
app/views/houses/index.html.erb:1:in `_app_views_houses_index_html_erb___1900705209986036173_70226707881200'
Started GET "/" for ::1 at 2018-10-11 15:38:08 -0400
Processing by HousesController#index as HTML
  Rendering houses/index.html.erb within layouts/application
  [1m[36mHouse Load (0.5ms)[0m  [1m[34mSELECT "houses".* FROM "houses"[0m
  Rendered houses/index.html.erb within layouts/application (1.7ms)
Completed 200 OK in 15ms (Views: 12.9ms | ActiveRecord: 0.5ms)


Started GET "/houses/1" for ::1 at 2018-10-11 15:38:09 -0400
Processing by HousesController#show as HTML
  Parameters: {"id"=>"1"}
  [1m[36mHouse Load (0.4ms)[0m  [1m[34mSELECT  "houses".* FROM "houses" WHERE "houses"."id" = $1 LIMIT $2[0m  [["id", 1], ["LIMIT", 1]]
  Rendering houses/show.html.erb within layouts/application
  Rendered houses/show.html.erb within layouts/application (0.5ms)
Completed 200 OK in 17ms (Views: 13.2ms | ActiveRecord: 0.7ms)


Started GET "/houses/2" for ::1 at 2018-10-11 15:38:11 -0400
Processing by HousesController#show as HTML
  Parameters: {"id"=>"2"}
  [1m[36mHouse Load (0.4ms)[0m  [1m[34mSELECT  "houses".* FROM "houses" WHERE "houses"."id" = $1 LIMIT $2[0m  [["id", 2], ["LIMIT", 1]]
  Rendering houses/show.html.erb within layouts/application
  Rendered houses/show.html.erb within layouts/application (0.6ms)
Completed 200 OK in 15ms (Views: 12.0ms | ActiveRecord: 0.4ms)


Started GET "/" for ::1 at 2018-10-11 15:51:01 -0400
Processing by HousesController#index as HTML
  Rendering houses/index.html.erb within layouts/application
  [1m[36mHouse Load (0.8ms)[0m  [1m[34mSELECT "houses".* FROM "houses"[0m
  Rendered houses/index.html.erb within layouts/application (17.2ms)
Completed 200 OK in 32ms (Views: 18.1ms | ActiveRecord: 9.7ms)


Started GET "/houses/2" for ::1 at 2018-10-11 15:51:03 -0400
Processing by HousesController#show as HTML
  Parameters: {"id"=>"2"}
  [1m[36mHouse Load (0.7ms)[0m  [1m[34mSELECT  "houses".* FROM "houses" WHERE "houses"."id" = $1 LIMIT $2[0m  [["id", 2], ["LIMIT", 1]]
  Rendering houses/show.html.erb within layouts/application
  Rendered houses/show.html.erb within layouts/application (0.4ms)
Completed 200 OK in 16ms (Views: 11.6ms | ActiveRecord: 0.9ms)


Started GET "/houses/1" for ::1 at 2018-10-11 15:51:05 -0400
Processing by HousesController#show as HTML
  Parameters: {"id"=>"1"}
  [1m[36mHouse Load (0.4ms)[0m  [1m[34mSELECT  "houses".* FROM "houses" WHERE "houses"."id" = $1 LIMIT $2[0m  [["id", 1], ["LIMIT", 1]]
  Rendering houses/show.html.erb within layouts/application
  Rendered houses/show.html.erb within layouts/application (0.5ms)
Completed 200 OK in 15ms (Views: 12.7ms | ActiveRecord: 0.4ms)


Started GET "/houses/2" for ::1 at 2018-10-11 15:51:07 -0400
Processing by HousesController#show as HTML
  Parameters: {"id"=>"2"}
  [1m[36mHouse Load (0.4ms)[0m  [1m[34mSELECT  "houses".* FROM "houses" WHERE "houses"."id" = $1 LIMIT $2[0m  [["id", 2], ["LIMIT", 1]]
  Rendering houses/show.html.erb within layouts/application
  Rendered houses/show.html.erb within layouts/application (0.5ms)
Completed 200 OK in 15ms (Views: 12.2ms | ActiveRecord: 0.4ms)


  [1m[35m (0.3ms)[0m  [1m[34mSELECT pg_try_advisory_lock(8546372934869750190)[0m
  [1m[35m (0.9ms)[0m  [1m[34mSELECT "schema_migrations"."version" FROM "schema_migrations" ORDER BY "schema_migrations"."version" ASC[0m
Migrating to CreateMembers (20181011195214)
  [1m[35m (0.3ms)[0m  [1m[35mBEGIN[0m
  [1m[35m (5.3ms)[0m  [1m[35mCREATE TABLE "members" ("id" bigserial primary key, "first_name" character varying NOT NULL, "last_name" character varying NOT NULL, "house_id" bigint NOT NULL, "created_at" timestamp NOT NULL, "updated_at" timestamp NOT NULL)[0m
  [1m[35m (1.3ms)[0m  [1m[35mCREATE  INDEX  "index_members_on_house_id" ON "members"  ("house_id")[0m
  [1m[36mActiveRecord::SchemaMigration Create (0.5ms)[0m  [1m[32mINSERT INTO "schema_migrations" ("version") VALUES ($1) RETURNING "version"[0m  [["version", "20181011195214"]]
  [1m[35m (0.6ms)[0m  [1m[35mCOMMIT[0m
  [1m[36mActiveRecord::InternalMetadata Load (0.5ms)[0m  [1m[34mSELECT  "ar_internal_metadata".* FROM "ar_internal_metadata" WHERE "ar_internal_metadata"."key" = $1 LIMIT $2[0m  [["key", "environment"], ["LIMIT", 1]]
  [1m[35m (0.3ms)[0m  [1m[35mBEGIN[0m
  [1m[35m (0.2ms)[0m  [1m[35mCOMMIT[0m
  [1m[35m (0.3ms)[0m  [1m[34mSELECT pg_advisory_unlock(8546372934869750190)[0m
  [1m[35m (0.3ms)[0m  [1m[34mSELECT "schema_migrations"."version" FROM "schema_migrations" ORDER BY "schema_migrations"."version" ASC[0m
  [1m[35m (0.8ms)[0m  [1m[34mSELECT "schema_migrations"."version" FROM "schema_migrations" ORDER BY "schema_migrations"."version" ASC[0m
  [1m[35m (0.4ms)[0m  [1m[34mSELECT "ar_internal_metadata"."value" FROM "ar_internal_metadata" WHERE "ar_internal_metadata"."key" = $1[0m  [["key", "environment"]]
  [1m[35m (0.3ms)[0m  [1m[34mSELECT "schema_migrations"."version" FROM "schema_migrations" ORDER BY "schema_migrations"."version" ASC[0m
  [1m[35m (0.3ms)[0m  [1m[34mSELECT "ar_internal_metadata"."value" FROM "ar_internal_metadata" WHERE "ar_internal_metadata"."key" = $1[0m  [["key", "environment"]]
  [1m[35m (0.4ms)[0m  [1m[34mSELECT "schema_migrations"."version" FROM "schema_migrations" ORDER BY "schema_migrations"."version" ASC[0m
  [1m[35m (0.3ms)[0m  [1m[34mSELECT "ar_internal_metadata"."value" FROM "ar_internal_metadata" WHERE "ar_internal_metadata"."key" = $1[0m  [["key", "environment"]]
  [1m[35m (219.6ms)[0m  [1m[35mDROP DATABASE IF EXISTS "fantasy_houses_test"[0m
  [1m[35m (413.4ms)[0m  [1m[35mCREATE DATABASE "fantasy_houses_test" ENCODING = 'unicode'[0m
  [1m[35mSQL (0.9ms)[0m  [1m[35mCREATE EXTENSION IF NOT EXISTS "plpgsql"[0m
  [1m[35m (0.3ms)[0m  [1m[35mDROP TABLE IF EXISTS "houses" CASCADE[0m
  [1m[35m (10.6ms)[0m  [1m[35mCREATE TABLE "houses" ("id" bigserial primary key, "name" character varying NOT NULL, "author" character varying NOT NULL, "source" character varying NOT NULL, "motto" character varying, "created_at" timestamp NOT NULL, "updated_at" timestamp NOT NULL)[0m
  [1m[35m (0.3ms)[0m  [1m[35mDROP TABLE IF EXISTS "members" CASCADE[0m
  [1m[35m (6.0ms)[0m  [1m[35mCREATE TABLE "members" ("id" bigserial primary key, "first_name" character varying NOT NULL, "last_name" character varying NOT NULL, "house_id" bigint NOT NULL, "created_at" timestamp NOT NULL, "updated_at" timestamp NOT NULL)[0m
  [1m[35m (1.6ms)[0m  [1m[35mCREATE  INDEX  "index_members_on_house_id" ON "members"  ("house_id")[0m
  [1m[35m (3.4ms)[0m  [1m[35mCREATE TABLE "schema_migrations" ("version" character varying NOT NULL PRIMARY KEY)[0m
  [1m[35m (0.9ms)[0m  [1m[34mSELECT "schema_migrations"."version" FROM "schema_migrations" ORDER BY "schema_migrations"."version" ASC[0m
  [1m[35m (0.8ms)[0m  [1m[32mINSERT INTO "schema_migrations" (version) VALUES (20181011195214)[0m
  [1m[35m (0.5ms)[0m  [1m[32mINSERT INTO "schema_migrations" (version) VALUES
(20181011184456);

[0m
  [1m[35m (4.6ms)[0m  [1m[35mCREATE TABLE "ar_internal_metadata" ("key" character varying NOT NULL PRIMARY KEY, "value" character varying, "created_at" timestamp NOT NULL, "updated_at" timestamp NOT NULL)[0m
  [1m[36mActiveRecord::InternalMetadata Load (0.6ms)[0m  [1m[34mSELECT  "ar_internal_metadata".* FROM "ar_internal_metadata" WHERE "ar_internal_metadata"."key" = $1 LIMIT $2[0m  [["key", "environment"], ["LIMIT", 1]]
  [1m[35m (0.4ms)[0m  [1m[35mBEGIN[0m
  [1m[36mActiveRecord::InternalMetadata Create (0.6ms)[0m  [1m[32mINSERT INTO "ar_internal_metadata" ("key", "value", "created_at", "updated_at") VALUES ($1, $2, $3, $4) RETURNING "key"[0m  [["key", "environment"], ["value", "development"], ["created_at", "2018-10-11 19:54:43.476056"], ["updated_at", "2018-10-11 19:54:43.476056"]]
  [1m[35m (0.3ms)[0m  [1m[35mCOMMIT[0m
  [1m[36mActiveRecord::InternalMetadata Load (0.4ms)[0m  [1m[34mSELECT  "ar_internal_metadata".* FROM "ar_internal_metadata" WHERE "ar_internal_metadata"."key" = $1 LIMIT $2[0m  [["key", "environment"], ["LIMIT", 1]]
  [1m[35m (0.2ms)[0m  [1m[35mBEGIN[0m
  [1m[36mActiveRecord::InternalMetadata Update (0.5ms)[0m  [1m[33mUPDATE "ar_internal_metadata" SET "value" = $1, "updated_at" = $2 WHERE "ar_internal_metadata"."key" = $3[0m  [["value", "test"], ["updated_at", "2018-10-11 19:54:43.482512"], ["key", "environment"]]
  [1m[35m (0.4ms)[0m  [1m[35mCOMMIT[0m
Started GET "/houses/1" for ::1 at 2018-10-11 15:58:28 -0400
  [1m[35m (0.9ms)[0m  [1m[34mSELECT "schema_migrations"."version" FROM "schema_migrations" ORDER BY "schema_migrations"."version" ASC[0m
Processing by HousesController#show as HTML
  Parameters: {"id"=>"1"}
  [1m[36mHouse Load (0.5ms)[0m  [1m[34mSELECT  "houses".* FROM "houses" WHERE "houses"."id" = $1 LIMIT $2[0m  [["id", 1], ["LIMIT", 1]]
  Rendering houses/show.html.erb within layouts/application
  Rendered houses/show.html.erb within layouts/application (0.5ms)
Completed 200 OK in 35ms (Views: 13.7ms | ActiveRecord: 9.3ms)


Started GET "/houses/1" for ::1 at 2018-10-11 16:00:17 -0400
Processing by HousesController#show as HTML
  Parameters: {"id"=>"1"}
  [1m[36mHouse Load (0.5ms)[0m  [1m[34mSELECT  "houses".* FROM "houses" WHERE "houses"."id" = $1 LIMIT $2[0m  [["id", 1], ["LIMIT", 1]]
  Rendering houses/show.html.erb within layouts/application
  Rendered houses/show.html.erb within layouts/application (2.6ms)
Completed 500 Internal Server Error in 10ms (ActiveRecord: 0.5ms)


  
ActionView::Template::Error (undefined method `first_name' for nil:NilClass):
    4: <p> <%= @house.motto %> </p>
    5: 
    6: <h1> <%= 'Members' %> </h1>
    7: <li> <%= @member.first_name %>
    8: <%= @member.last_name %>
    9: </li>
  
app/views/houses/show.html.erb:7:in `_app_views_houses_show_html_erb___1884229779296155127_70226678096580'
Started GET "/houses/1" for ::1 at 2018-10-11 16:00:42 -0400
Processing by HousesController#show as HTML
  Parameters: {"id"=>"1"}
  [1m[36mHouse Load (0.4ms)[0m  [1m[34mSELECT  "houses".* FROM "houses" WHERE "houses"."id" = $1 LIMIT $2[0m  [["id", 1], ["LIMIT", 1]]
  Rendering houses/show.html.erb within layouts/application
  Rendered houses/show.html.erb within layouts/application (0.6ms)
Completed 500 Internal Server Error in 9ms (ActiveRecord: 0.4ms)


  
SyntaxError (/Users/danielcoffey/challenges/rails-marathon/app/views/houses/show.html.erb:14: syntax error, unexpected keyword_ensure, expecting keyword_end
/Users/danielcoffey/challenges/rails-marathon/app/views/houses/show.html.erb:16: syntax error, unexpected end-of-input, expecting keyword_end):
  
app/views/houses/show.html.erb:14: syntax error, unexpected keyword_ensure, expecting keyword_end
app/views/houses/show.html.erb:16: syntax error, unexpected end-of-input, expecting keyword_end
Started GET "/houses/1" for ::1 at 2018-10-11 16:03:44 -0400
Processing by HousesController#show as HTML
  Parameters: {"id"=>"1"}
  [1m[36mHouse Load (0.5ms)[0m  [1m[34mSELECT  "houses".* FROM "houses" WHERE "houses"."id" = $1 LIMIT $2[0m  [["id", 1], ["LIMIT", 1]]
  Rendering houses/show.html.erb within layouts/application
  Rendered houses/show.html.erb within layouts/application (2.5ms)
Completed 500 Internal Server Error in 9ms (ActiveRecord: 0.5ms)


  
ActionView::Template::Error (undefined method `each' for nil:NilClass):
     5: 
     6: <h1> <%= 'Members' %> </h1>
     7: 
     8: <% @members.each do |member| %>
     9: <li> <%= member.first_name %>
    10: <%= member.last_name %>
    11: </li>
  
app/views/houses/show.html.erb:8:in `_app_views_houses_show_html_erb___1884229779296155127_70226705754940'
Started GET "/" for ::1 at 2018-10-11 16:57:15 -0400
Processing by HousesController#index as HTML
  Rendering houses/index.html.erb within layouts/application
  [1m[36mHouse Load (0.9ms)[0m  [1m[34mSELECT "houses".* FROM "houses"[0m
  Rendered houses/index.html.erb within layouts/application (18.4ms)
Completed 200 OK in 33ms (Views: 18.5ms | ActiveRecord: 10.8ms)


Started GET "/" for ::1 at 2018-10-11 16:57:17 -0400
Processing by HousesController#index as HTML
  Rendering houses/index.html.erb within layouts/application
  [1m[36mHouse Load (0.5ms)[0m  [1m[34mSELECT "houses".* FROM "houses"[0m
  Rendered houses/index.html.erb within layouts/application (1.7ms)
Completed 200 OK in 15ms (Views: 12.9ms | ActiveRecord: 0.5ms)


Started GET "/houses/1" for ::1 at 2018-10-11 16:57:19 -0400
Processing by HousesController#show as HTML
  Parameters: {"id"=>"1"}
  [1m[36mHouse Load (0.7ms)[0m  [1m[34mSELECT  "houses".* FROM "houses" WHERE "houses"."id" = $1 LIMIT $2[0m  [["id", 1], ["LIMIT", 1]]
  Rendering houses/show.html.erb within layouts/application
  Rendered houses/show.html.erb within layouts/application (2.9ms)
Completed 500 Internal Server Error in 12ms (ActiveRecord: 1.0ms)


  
ActionView::Template::Error (undefined method `each' for nil:NilClass):
     5: 
     6: <h1> <%= 'Members' %> </h1>
     7: 
     8: <% @members.each do |member| %>
     9: <li> <%= member.first_name %>
    10: <%= member.last_name %>
    11: </li>
  
app/views/houses/show.html.erb:8:in `_app_views_houses_show_html_erb___1884229779296155127_70226729272860'
Started GET "/houses/1" for ::1 at 2018-10-11 16:57:23 -0400
Processing by HousesController#show as HTML
  Parameters: {"id"=>"1"}
  [1m[36mHouse Load (0.4ms)[0m  [1m[34mSELECT  "houses".* FROM "houses" WHERE "houses"."id" = $1 LIMIT $2[0m  [["id", 1], ["LIMIT", 1]]
  Rendering houses/show.html.erb within layouts/application
  Rendered houses/show.html.erb within layouts/application (3.0ms)
Completed 500 Internal Server Error in 10ms (ActiveRecord: 0.4ms)


  
ActionView::Template::Error (undefined method `each' for nil:NilClass):
     5: 
     6: <h1> <%= 'Members' %> </h1>
     7: 
     8: <% @members.each do |member| %>
     9: <li> <%= member.first_name %>
    10: <%= member.last_name %>
    11: </li>
  
app/views/houses/show.html.erb:8:in `_app_views_houses_show_html_erb___1884229779296155127_70226695422560'
Started GET "/members" for ::1 at 2018-10-11 16:57:30 -0400
  
ActionController::RoutingError (No route matches [GET] "/members"):
  
actionpack (5.2.1) lib/action_dispatch/middleware/debug_exceptions.rb:65:in `call'
actionpack (5.2.1) lib/action_dispatch/middleware/show_exceptions.rb:33:in `call'
railties (5.2.1) lib/rails/rack/logger.rb:38:in `call_app'
railties (5.2.1) lib/rails/rack/logger.rb:26:in `block in call'
activesupport (5.2.1) lib/active_support/tagged_logging.rb:71:in `block in tagged'
activesupport (5.2.1) lib/active_support/tagged_logging.rb:28:in `tagged'
activesupport (5.2.1) lib/active_support/tagged_logging.rb:71:in `tagged'
railties (5.2.1) lib/rails/rack/logger.rb:26:in `call'
sprockets-rails (3.2.1) lib/sprockets/rails/quiet_assets.rb:13:in `call'
actionpack (5.2.1) lib/action_dispatch/middleware/remote_ip.rb:81:in `call'
actionpack (5.2.1) lib/action_dispatch/middleware/request_id.rb:27:in `call'
rack (2.0.5) lib/rack/method_override.rb:22:in `call'
rack (2.0.5) lib/rack/runtime.rb:22:in `call'
activesupport (5.2.1) lib/active_support/cache/strategy/local_cache_middleware.rb:29:in `call'
actionpack (5.2.1) lib/action_dispatch/middleware/executor.rb:14:in `call'
actionpack (5.2.1) lib/action_dispatch/middleware/static.rb:127:in `call'
rack (2.0.5) lib/rack/sendfile.rb:111:in `call'
railties (5.2.1) lib/rails/engine.rb:524:in `call'
rack (2.0.5) lib/rack/handler/webrick.rb:86:in `service'
/Users/danielcoffey/.rubies/ruby-2.3.3/lib/ruby/2.3.0/webrick/httpserver.rb:140:in `service'
/Users/danielcoffey/.rubies/ruby-2.3.3/lib/ruby/2.3.0/webrick/httpserver.rb:96:in `run'
/Users/danielcoffey/.rubies/ruby-2.3.3/lib/ruby/2.3.0/webrick/server.rb:296:in `block in start_thread'
Started GET "/members/1" for ::1 at 2018-10-11 16:57:50 -0400
  
ActionController::RoutingError (No route matches [GET] "/members/1"):
  
actionpack (5.2.1) lib/action_dispatch/middleware/debug_exceptions.rb:65:in `call'
actionpack (5.2.1) lib/action_dispatch/middleware/show_exceptions.rb:33:in `call'
railties (5.2.1) lib/rails/rack/logger.rb:38:in `call_app'
railties (5.2.1) lib/rails/rack/logger.rb:26:in `block in call'
activesupport (5.2.1) lib/active_support/tagged_logging.rb:71:in `block in tagged'
activesupport (5.2.1) lib/active_support/tagged_logging.rb:28:in `tagged'
activesupport (5.2.1) lib/active_support/tagged_logging.rb:71:in `tagged'
railties (5.2.1) lib/rails/rack/logger.rb:26:in `call'
sprockets-rails (3.2.1) lib/sprockets/rails/quiet_assets.rb:13:in `call'
actionpack (5.2.1) lib/action_dispatch/middleware/remote_ip.rb:81:in `call'
actionpack (5.2.1) lib/action_dispatch/middleware/request_id.rb:27:in `call'
rack (2.0.5) lib/rack/method_override.rb:22:in `call'
rack (2.0.5) lib/rack/runtime.rb:22:in `call'
activesupport (5.2.1) lib/active_support/cache/strategy/local_cache_middleware.rb:29:in `call'
actionpack (5.2.1) lib/action_dispatch/middleware/executor.rb:14:in `call'
actionpack (5.2.1) lib/action_dispatch/middleware/static.rb:127:in `call'
rack (2.0.5) lib/rack/sendfile.rb:111:in `call'
railties (5.2.1) lib/rails/engine.rb:524:in `call'
rack (2.0.5) lib/rack/handler/webrick.rb:86:in `service'
/Users/danielcoffey/.rubies/ruby-2.3.3/lib/ruby/2.3.0/webrick/httpserver.rb:140:in `service'
/Users/danielcoffey/.rubies/ruby-2.3.3/lib/ruby/2.3.0/webrick/httpserver.rb:96:in `run'
/Users/danielcoffey/.rubies/ruby-2.3.3/lib/ruby/2.3.0/webrick/server.rb:296:in `block in start_thread'
Started GET "/" for ::1 at 2018-10-11 16:58:06 -0400
Processing by HousesController#index as HTML
  Rendering houses/index.html.erb within layouts/application
  [1m[36mHouse Load (0.5ms)[0m  [1m[34mSELECT "houses".* FROM "houses"[0m
  Rendered houses/index.html.erb within layouts/application (1.6ms)
Completed 200 OK in 15ms (Views: 12.5ms | ActiveRecord: 0.5ms)


Started GET "/houses/new" for ::1 at 2018-10-11 16:58:08 -0400
Processing by HousesController#new as HTML
  Rendering houses/new.html.erb within layouts/application
  Rendered houses/_form.html.erb (2.7ms)
  Rendered houses/new.html.erb within layouts/application (4.5ms)
Completed 200 OK in 18ms (Views: 16.6ms | ActiveRecord: 0.0ms)


Started GET "/houses/1" for ::1 at 2018-10-11 16:58:11 -0400
Processing by HousesController#show as HTML
  Parameters: {"id"=>"1"}
  [1m[36mHouse Load (0.4ms)[0m  [1m[34mSELECT  "houses".* FROM "houses" WHERE "houses"."id" = $1 LIMIT $2[0m  [["id", 1], ["LIMIT", 1]]
  Rendering houses/show.html.erb within layouts/application
  Rendered houses/show.html.erb within layouts/application (2.9ms)
Completed 500 Internal Server Error in 10ms (ActiveRecord: 0.4ms)


  
ActionView::Template::Error (undefined method `each' for nil:NilClass):
     5: 
     6: <h1> <%= 'Members' %> </h1>
     7: 
     8: <% @members.each do |member| %>
     9: <li> <%= member.first_name %>
    10: <%= member.last_name %>
    11: </li>
  
app/views/houses/show.html.erb:8:in `_app_views_houses_show_html_erb___1884229779296155127_70226754668440'
Started GET "/houses/1" for ::1 at 2018-10-11 17:01:25 -0400
Processing by HousesController#show as HTML
  Parameters: {"id"=>"1"}
  [1m[36mHouse Load (0.4ms)[0m  [1m[34mSELECT  "houses".* FROM "houses" WHERE "houses"."id" = $1 LIMIT $2[0m  [["id", 1], ["LIMIT", 1]]
  Rendering houses/show.html.erb within layouts/application
  Rendered houses/show.html.erb within layouts/application (2.5ms)
Completed 500 Internal Server Error in 36ms (ActiveRecord: 10.0ms)


  
ActionView::Template::Error (undefined method `each' for nil:NilClass):
     5: 
     6: <h1> <%= 'Members' %> </h1>
     7: 
     8: <% @members.each do |member| %>
     9: <li> <%= member.first_name %>
    10: <%= member.last_name %>
    11: </li>
  
app/views/houses/show.html.erb:8:in `_app_views_houses_show_html_erb___1884229779296155127_70226755525940'
Started GET "/houses/1" for ::1 at 2018-10-11 17:01:27 -0400
Processing by HousesController#show as HTML
  Parameters: {"id"=>"1"}
  [1m[36mHouse Load (0.5ms)[0m  [1m[34mSELECT  "houses".* FROM "houses" WHERE "houses"."id" = $1 LIMIT $2[0m  [["id", 1], ["LIMIT", 1]]
  Rendering houses/show.html.erb within layouts/application
  Rendered houses/show.html.erb within layouts/application (2.6ms)
Completed 500 Internal Server Error in 9ms (ActiveRecord: 0.5ms)


  
ActionView::Template::Error (undefined method `each' for nil:NilClass):
     5: 
     6: <h1> <%= 'Members' %> </h1>
     7: 
     8: <% @members.each do |member| %>
     9: <li> <%= member.first_name %>
    10: <%= member.last_name %>
    11: </li>
  
app/views/houses/show.html.erb:8:in `_app_views_houses_show_html_erb___1884229779296155127_70226729748880'
